2026-06-27T17:03:20.466+0800	[34mINFO[0m	initialize/logger.go:33	logger initialized	{"level": "debug", "format": "console", "output": "logs/app.log"}
2026-06-27T17:03:20.473+0800	[34mINFO[0m	admin/main.go:21	config loaded
2026-06-27T17:03:20.657+0800	[34mINFO[0m	admin/main.go:25	mysql initialized
2026-06-27T17:03:20.666+0800	[34mINFO[0m	admin/main.go:29	redis initialized
2026-06-27T17:03:20.679+0800	[34mINFO[0m	initialize/minio.go:37	minio bucket created	{"bucket": "files-archive"}
2026-06-27T17:03:20.679+0800	[34mINFO[0m	admin/main.go:33	minio initialized
2026-06-27T17:03:20.679+0800	[34mINFO[0m	admin/main.go:44	file rotation started
2026-06-27T17:03:20.679+0800	[34mINFO[0m	admin/main.go:57	audit log archive started
2026-06-27T17:03:20.681+0800	[34mINFO[0m	service/audit_log_archive.go:42	audit log archive no records
2026-06-27T17:03:20.682+0800	[34mINFO[0m	admin/main.go:72	server started	{"addr": "http://localhost:8080"}
2026-06-27T17:04:43.740+0800	[34mINFO[0m	middleware/zap_logger.go:45	http request	{"method": "GET", "path": "/api/captcha", "query": "", "status": 200, "latency": "3.8009ms", "client_ip": "::1", "user_agent": "Apifox/1.0.0 (https://apifox.com)"}
2026-06-27T17:05:12.437+0800	[34mINFO[0m	middleware/zap_logger.go:45	http request	{"method": "GET", "path": "/api/captcha", "query": "", "status": 200, "latency": "2.6901ms", "client_ip": "::1", "user_agent": "Apifox/1.0.0 (https://apifox.com)"}
2026-06-27T17:05:28.428+0800	[34mINFO[0m	middleware/zap_logger.go:45	http request	{"method": "POST", "path": "/api/login", "query": "", "status": 200, "latency": "46.7844ms", "client_ip": "::1", "user_agent": "Apifox/1.0.0 (https://apifox.com)"}
2026-06-27T17:06:33.691+0800	[34mINFO[0m	middleware/zap_logger.go:45	http request	{"method": "GET", "path": "/api/admin/audit-logs", "query": "page=1&size=10", "status": 200, "latency": "8.196ms", "client_ip": "::1", "user_agent": "Apifox/1.0.0 (https://apifox.com)", "user_id": 3}
2026-06-27T17:07:14.022+0800	[33mWARN[0m	middleware/zap_logger.go:41	http request	{"method": "GET", "path": "/api/admin/login-logs", "query": "page=1&size=10", "status": 401, "latency": "0s", "client_ip": "::1", "user_agent": "Apifox/1.0.0 (https://apifox.com)"}
2026-06-27T17:07:15.836+0800	[34mINFO[0m	middleware/zap_logger.go:45	http request	{"method": "GET", "path": "/api/admin/login-logs", "query": "page=1&size=10", "status": 200, "latency": "2.4392ms", "client_ip": "::1", "user_agent": "Apifox/1.0.0 (https://apifox.com)", "user_id": 3}
2026-06-27T17:07:47.780+0800	[34mINFO[0m	middleware/zap_logger.go:45	http request	{"method": "GET", "path": "/api/admin/operation-logs", "query": "page=1&size=10", "status": 200, "latency": "2.1988ms", "client_ip": "::1", "user_agent": "Apifox/1.0.0 (https://apifox.com)", "user_id": 3}
2026-06-27T17:08:12.157+0800	[33mWARN[0m	middleware/zap_logger.go:41	http request	{"method": "POST", "path": "/api/admin/files", "query": "", "status": 401, "latency": "0s", "client_ip": "::1", "user_agent": "Apifox/1.0.0 (https://apifox.com)"}
2026-06-27T17:08:15.928+0800	[34mINFO[0m	middleware/zap_logger.go:45	http request	{"method": "POST", "path": "/api/admin/files", "query": "", "status": 200, "latency": "12.8739ms", "client_ip": "::1", "user_agent": "Apifox/1.0.0 (https://apifox.com)", "user_id": 3}
2026-06-27T17:08:18.056+0800	[34mINFO[0m	middleware/zap_logger.go:45	http request	{"method": "GET", "path": "/api/admin/operation-logs", "query": "page=1&size=10", "status": 200, "latency": "1.8178ms", "client_ip": "::1", "user_agent": "Apifox/1.0.0 (https://apifox.com)", "user_id": 3}
2026-06-27T17:08:59.914+0800	[34mINFO[0m	middleware/zap_logger.go:45	http request	{"method": "GET", "path": "/api/admin/permission-logs", "query": "page=1&size=10", "status": 200, "latency": "2.6173ms", "client_ip": "::1", "user_agent": "Apifox/1.0.0 (https://apifox.com)", "user_id": 3}
2026-06-27T17:09:10.845+0800	[33mWARN[0m	middleware/zap_logger.go:41	http request	{"method": "GET", "path": "/api/admin/roles", "query": "page=1&size=10", "status": 401, "latency": "0s", "client_ip": "::1", "user_agent": "Apifox/1.0.0 (https://apifox.com)"}
2026-06-27T17:09:13.903+0800	[34mINFO[0m	middleware/zap_logger.go:45	http request	{"method": "GET", "path": "/api/admin/roles", "query": "page=1&size=10", "status": 200, "latency": "5.0271ms", "client_ip": "::1", "user_agent": "Apifox/1.0.0 (https://apifox.com)", "user_id": 3}
2026-06-27T17:09:20.668+0800	[33mWARN[0m	middleware/zap_logger.go:41	http request	{"method": "GET", "path": "/api/admin/roles/8/users", "query": "", "status": 401, "latency": "498.4µs", "client_ip": "::1", "user_agent": "Apifox/1.0.0 (https://apifox.com)"}
2026-06-27T17:09:23.463+0800	[34mINFO[0m	middleware/zap_logger.go:45	http request	{"method": "GET", "path": "/api/admin/roles/8/users", "query": "", "status": 200, "latency": "5.3539ms", "client_ip": "::1", "user_agent": "Apifox/1.0.0 (https://apifox.com)", "user_id": 3}
2026-06-27T17:09:36.319+0800	[33mWARN[0m	middleware/zap_logger.go:41	http request	{"method": "POST", "path": "/api/admin/roles/8/users", "query": "", "status": 401, "latency": "0s", "client_ip": "::1", "user_agent": "Apifox/1.0.0 (https://apifox.com)"}
2026-06-27T17:09:39.169+0800	[34mINFO[0m	middleware/zap_logger.go:45	http request	{"method": "POST", "path": "/api/admin/roles/8/users", "query": "", "status": 200, "latency": "10.6517ms", "client_ip": "::1", "user_agent": "Apifox/1.0.0 (https://apifox.com)", "user_id": 3}
2026-06-27T17:09:43.343+0800	[34mINFO[0m	middleware/zap_logger.go:45	http request	{"method": "GET", "path": "/api/admin/permission-logs", "query": "page=1&size=10", "status": 200, "latency": "2.384ms", "client_ip": "::1", "user_agent": "Apifox/1.0.0 (https://apifox.com)", "user_id": 3}
2026-06-27T21:25:23.820+0800	[34mINFO[0m	initialize/logger.go:33	logger initialized	{"level": "debug", "format": "console", "output": "logs/app.log"}
2026-06-27T21:25:23.828+0800	[34mINFO[0m	admin/main.go:21	config loaded
2026-06-27T21:25:23.910+0800	[34mINFO[0m	admin/main.go:25	mysql initialized
2026-06-27T21:25:23.918+0800	[34mINFO[0m	admin/main.go:29	redis initialized
2026-06-27T21:25:23.924+0800	[34mINFO[0m	admin/main.go:33	minio initialized
2026-06-27T21:25:23.925+0800	[34mINFO[0m	admin/main.go:44	file rotation started
2026-06-27T21:25:23.925+0800	[34mINFO[0m	admin/main.go:57	audit log archive started
2026-06-27T21:25:23.925+0800	[34mINFO[0m	service/audit_log_archive.go:42	audit log archive no records
2026-06-27T21:25:23.926+0800	[34mINFO[0m	admin/main.go:72	server started	{"addr": "http://localhost:8080"}
2026-06-27T21:25:36.753+0800	[34mINFO[0m	middleware/zap_logger.go:45	http request	{"method": "GET", "path": "/api/captcha", "query": "", "status": 200, "latency": "3.1276ms", "client_ip": "::1", "user_agent": "Apifox/1.0.0 (https://apifox.com)"}
2026-06-27T21:25:59.194+0800	[34mINFO[0m	middleware/zap_logger.go:45	http request	{"method": "POST", "path": "/api/login", "query": "", "status": 200, "latency": "51.6593ms", "client_ip": "::1", "user_agent": "Apifox/1.0.0 (https://apifox.com)"}
2026-06-27T21:26:09.722+0800	[33mWARN[0m	middleware/zap_logger.go:41	http request	{"method": "GET", "path": "/api/admin/permission-logs", "query": "page=1&size=10", "status": 401, "latency": "0s", "client_ip": "::1", "user_agent": "Apifox/1.0.0 (https://apifox.com)"}
2026-06-27T21:26:19.125+0800	[33mWARN[0m	middleware/zap_logger.go:41	http request	{"method": "GET", "path": "/api/admin/permission-logs", "query": "page=1&size=10", "status": 401, "latency": "0s", "client_ip": "::1", "user_agent": "Apifox/1.0.0 (https://apifox.com)"}
2026-06-27T21:26:29.149+0800	[34mINFO[0m	middleware/zap_logger.go:45	http request	{"method": "GET", "path": "/api/admin/permission-logs", "query": "page=1&size=10", "status": 200, "latency": "2.4214ms", "client_ip": "::1", "user_agent": "Apifox/1.0.0 (https://apifox.com)", "user_id": 3}
2026-06-27T21:26:51.163+0800	[34mINFO[0m	middleware/zap_logger.go:45	http request	{"method": "GET", "path": "/api/admin/roles", "query": "page=1&size=10", "status": 200, "latency": "3.3339ms", "client_ip": "::1", "user_agent": "Apifox/1.0.0 (https://apifox.com)", "user_id": 3}
2026-06-27T21:26:53.067+0800	[34mINFO[0m	middleware/zap_logger.go:45	http request	{"method": "GET", "path": "/api/admin/permission-logs", "query": "page=1&size=10", "status": 200, "latency": "2.459ms", "client_ip": "::1", "user_agent": "Apifox/1.0.0 (https://apifox.com)", "user_id": 3}
2026-06-27T21:27:05.864+0800	[34mINFO[0m	middleware/zap_logger.go:45	http request	{"method": "POST", "path": "/api/admin/roles/8/users", "query": "", "status": 200, "latency": "8.044ms", "client_ip": "::1", "user_agent": "Apifox/1.0.0 (https://apifox.com)", "user_id": 3}
2026-06-27T21:27:08.716+0800	[34mINFO[0m	middleware/zap_logger.go:45	http request	{"method": "GET", "path": "/api/admin/permission-logs", "query": "page=1&size=10", "status": 200, "latency": "2.2169ms", "client_ip": "::1", "user_agent": "Apifox/1.0.0 (https://apifox.com)", "user_id": 3}
2026-06-27T21:27:53.355+0800	[34mINFO[0m	middleware/zap_logger.go:45	http request	{"method": "GET", "path": "/api/admin/data-access-logs", "query": "page=1&size=10", "status": 200, "latency": "3.0029ms", "client_ip": "::1", "user_agent": "Apifox/1.0.0 (https://apifox.com)", "user_id": 3}
2026-06-28T19:49:14.775+0800	[34mINFO[0m	initialize/logger.go:33	logger initialized	{"level": "debug", "format": "console", "output": "logs/app.log"}
2026-06-28T19:49:14.783+0800	[34mINFO[0m	admin/main.go:21	config loaded
2026-06-28T19:49:14.982+0800	[34mINFO[0m	admin/main.go:25	mysql initialized
2026-06-28T19:49:14.989+0800	[34mINFO[0m	admin/main.go:29	redis initialized
2026-06-28T19:49:14.997+0800	[34mINFO[0m	admin/main.go:33	minio initialized
2026-06-28T19:49:14.997+0800	[34mINFO[0m	admin/main.go:44	file rotation started
2026-06-28T19:49:14.997+0800	[34mINFO[0m	admin/main.go:57	audit log archive started
2026-06-28T19:49:14.998+0800	[34mINFO[0m	service/audit_log_archive.go:42	audit log archive no records
2026-06-28T19:49:14.999+0800	[34mINFO[0m	admin/main.go:72	server started	{"addr": "http://localhost:8080"}
2026-06-28T19:49:50.279+0800	[34mINFO[0m	middleware/zap_logger.go:45	http request	{"method": "GET", "path": "/api/captcha", "query": "", "status": 200, "latency": "3.4846ms", "client_ip": "::1", "user_agent": "Apifox/1.0.0 (https://apifox.com)"}
2026-06-28T19:50:04.896+0800	[34mINFO[0m	middleware/zap_logger.go:45	http request	{"method": "GET", "path": "/api/captcha", "query": "", "status": 200, "latency": "5.2497ms", "client_ip": "::1", "user_agent": "Apifox/1.0.0 (https://apifox.com)"}
2026-06-28T19:50:22.012+0800	[34mINFO[0m	middleware/zap_logger.go:45	http request	{"method": "POST", "path": "/api/login", "query": "", "status": 200, "latency": "50.0658ms", "client_ip": "::1", "user_agent": "Apifox/1.0.0 (https://apifox.com)"}
2026-06-28T19:50:33.394+0800	[34mINFO[0m	middleware/zap_logger.go:45	http request	{"method": "GET", "path": "/api/admin/dict-types", "query": "page=1&size=10&keyword=user&status=1", "status": 200, "latency": "4.8536ms", "client_ip": "::1", "user_agent": "Apifox/1.0.0 (https://apifox.com)", "user_id": 3}
2026-06-28T19:51:08.773+0800	[33mWARN[0m	middleware/zap_logger.go:41	http request	{"method": "POST", "path": "/api/admin/dict-types", "query": "", "status": 401, "latency": "0s", "client_ip": "::1", "user_agent": "Apifox/1.0.0 (https://apifox.com)"}
2026-06-28T19:51:21.263+0800	[34mINFO[0m	middleware/zap_logger.go:45	http request	{"method": "POST", "path": "/api/admin/dict-types", "query": "", "status": 200, "latency": "4.9157ms", "client_ip": "::1", "user_agent": "Apifox/1.0.0 (https://apifox.com)", "user_id": 3}
2026-06-28T19:51:24.428+0800	[34mINFO[0m	middleware/zap_logger.go:45	http request	{"method": "GET", "path": "/api/admin/dict-types", "query": "page=1&size=10&keyword=user&status=1", "status": 200, "latency": "2.2655ms", "client_ip": "::1", "user_agent": "Apifox/1.0.0 (https://apifox.com)", "user_id": 3}
2026-06-28T19:52:14.643+0800	[34mINFO[0m	middleware/zap_logger.go:45	http request	{"method": "PUT", "path": "/api/admin/dict-types/1", "query": "", "status": 200, "latency": "6.8445ms", "client_ip": "::1", "user_agent": "Apifox/1.0.0 (https://apifox.com)", "user_id": 3}
2026-06-28T19:53:32.744+0800	[34mINFO[0m	middleware/zap_logger.go:45	http request	{"method": "GET", "path": "/api/admin/dict-items", "query": "page=1&size=10&type_code=user_status&keyword=%E5%90%AF%E7%94%A8&status=1", "status": 200, "latency": "3.1144ms", "client_ip": "::1", "user_agent": "Apifox/1.0.0 (https://apifox.com)", "user_id": 3}
2026-06-28T19:54:20.462+0800	[34mINFO[0m	middleware/zap_logger.go:45	http request	{"method": "POST", "path": "/api/admin/dict-items", "query": "", "status": 200, "latency": "7.5732ms", "client_ip": "::1", "user_agent": "Apifox/1.0.0 (https://apifox.com)", "user_id": 3}
2026-06-28T19:54:23.276+0800	[34mINFO[0m	middleware/zap_logger.go:45	http request	{"method": "GET", "path": "/api/admin/dict-items", "query": "page=1&size=10&type_code=user_status&keyword=%E5%90%AF%E7%94%A8&status=1", "status": 200, "latency": "2.46ms", "client_ip": "::1", "user_agent": "Apifox/1.0.0 (https://apifox.com)", "user_id": 3}
2026-06-28T19:55:09.030+0800	[34mINFO[0m	middleware/zap_logger.go:45	http request	{"method": "PUT", "path": "/api/admin/dict-items/1", "query": "", "status": 200, "latency": "7.7457ms", "client_ip": "::1", "user_agent": "Apifox/1.0.0 (https://apifox.com)", "user_id": 3}
2026-06-28T19:55:12.974+0800	[34mINFO[0m	middleware/zap_logger.go:45	http request	{"method": "GET", "path": "/api/admin/dict-items", "query": "page=1&size=10&type_code=user_status&keyword=%E5%90%AF%E7%94%A8&status=1", "status": 200, "latency": "1.1685ms", "client_ip": "::1", "user_agent": "Apifox/1.0.0 (https://apifox.com)", "user_id": 3}
2026-06-28T19:55:48.192+0800	[34mINFO[0m	middleware/zap_logger.go:45	http request	{"method": "DELETE", "path": "/api/admin/dict-items/1", "query": "", "status": 200, "latency": "7.5919ms", "client_ip": "::1", "user_agent": "Apifox/1.0.0 (https://apifox.com)", "user_id": 3}
2026-06-28T19:56:17.628+0800	[34mINFO[0m	middleware/zap_logger.go:45	http request	{"method": "GET", "path": "/api/dicts/user_status/items", "query": "", "status": 200, "latency": "1.7424ms", "client_ip": "::1", "user_agent": "Apifox/1.0.0 (https://apifox.com)"}
2026-06-28T19:56:24.786+0800	[34mINFO[0m	middleware/zap_logger.go:45	http request	{"method": "DELETE", "path": "/api/admin/dict-types/1", "query": "", "status": 200, "latency": "7.8936ms", "client_ip": "::1", "user_agent": "Apifox/1.0.0 (https://apifox.com)", "user_id": 3}
